c:\users\danilo.drobnjak\onedrive - endava\desktop\posl ver\fantastican-server-main\chat\server\debug\clientregistration.obj
c:\users\danilo.drobnjak\onedrive - endava\desktop\posl ver\fantastican-server-main\chat\server\debug\oneclient.obj
c:\users\danilo.drobnjak\onedrive - endava\desktop\posl ver\fantastican-server-main\chat\server\debug\loger.obj
c:\users\danilo.drobnjak\onedrive - endava\desktop\posl ver\fantastican-server-main\chat\server\debug\mainserver.obj
c:\users\danilo.drobnjak\onedrive - endava\desktop\posl ver\fantastican-server-main\chat\server\debug\server.obj
c:\users\danilo.drobnjak\onedrive - endava\desktop\posl ver\fantastican-server-main\chat\server\debug\clientinchat.obj
c:\users\danilo.drobnjak\onedrive - endava\desktop\posl ver\fantastican-server-main\chat\server\debug\notconnected.obj
c:\users\danilo.drobnjak\onedrive - endava\desktop\posl ver\fantastican-server-main\chat\server\debug\waitforresponsetoconnect.obj
c:\users\danilo.drobnjak\onedrive - endava\desktop\posl ver\fantastican-server-main\chat\server\debug\haverequestforconnection.obj
c:\users\danilo.drobnjak\onedrive - endava\desktop\posl ver\fantastican-server-main\chat\server\debug\read.obj
c:\users\danilo.drobnjak\onedrive - endava\desktop\posl ver\fantastican-server-main\chat\server\debug\write.obj
c:\users\danilo.drobnjak\onedrive - endava\desktop\posl ver\fantastican-server-main\chat\server\debug\vc142.pdb
c:\users\danilo.drobnjak\onedrive - endava\desktop\posl ver\fantastican-server-main\chat\server\debug\server.exe
c:\users\danilo.drobnjak\onedrive - endava\desktop\posl ver\fantastican-server-main\chat\server\debug\server.ilk
c:\users\danilo.drobnjak\onedrive - endava\desktop\posl ver\fantastican-server-main\chat\server\debug\server.pdb
c:\users\danilo.drobnjak\onedrive - endava\desktop\posl ver\fantastican-server-main\chat\server\debug\client2.ilk
c:\users\danilo.drobnjak\onedrive - endava\desktop\posl ver\fantastican-server-main\chat\server\debug\client3.ilk
c:\users\danilo.drobnjak\onedrive - endava\desktop\posl ver\fantastican-server-main\chat\server\debug\vc142.idb
c:\users\danilo.drobnjak\onedrive - endava\desktop\posl ver\fantastican-server-main\chat\server\debug\client2.pdb
c:\users\danilo.drobnjak\onedrive - endava\desktop\posl ver\fantastican-server-main\chat\server\debug\client3.pdb
c:\users\danilo.drobnjak\onedrive - endava\desktop\posl ver\fantastican-server-main\chat\server\debug\server.tlog\cl.command.1.tlog
c:\users\danilo.drobnjak\onedrive - endava\desktop\posl ver\fantastican-server-main\chat\server\debug\server.tlog\cl.read.1.tlog
c:\users\danilo.drobnjak\onedrive - endava\desktop\posl ver\fantastican-server-main\chat\server\debug\server.tlog\cl.write.1.tlog
c:\users\danilo.drobnjak\onedrive - endava\desktop\posl ver\fantastican-server-main\chat\server\debug\server.tlog\link.command.1.tlog
c:\users\danilo.drobnjak\onedrive - endava\desktop\posl ver\fantastican-server-main\chat\server\debug\server.tlog\link.read.1.tlog
c:\users\danilo.drobnjak\onedrive - endava\desktop\posl ver\fantastican-server-main\chat\server\debug\server.tlog\link.write.1.tlog
