c:\users\danilo.drobnjak\onedrive - endava\desktop\chat\server\debug\read.obj
c:\users\danilo.drobnjak\onedrive - endava\desktop\chat\server\debug\server.obj
c:\users\danilo.drobnjak\onedrive - endava\desktop\chat\server\debug\mainserver.obj
c:\users\danilo.drobnjak\onedrive - endava\desktop\chat\server\debug\oneclient.obj
c:\users\danilo.drobnjak\onedrive - endava\desktop\chat\server\debug\write.obj
c:\users\danilo.drobnjak\onedrive - endava\desktop\chat\server\debug\vc142.pdb
c:\users\danilo.drobnjak\onedrive - endava\desktop\chat\server\debug\server.ilk
c:\users\danilo.drobnjak\onedrive - endava\desktop\chat\server\debug\server.exe
c:\users\danilo.drobnjak\onedrive - endava\desktop\chat\server\debug\server.pdb
c:\users\danilo.drobnjak\onedrive - endava\desktop\chat\server\debug\client.ilk
c:\users\danilo.drobnjak\onedrive - endava\desktop\chat\server\debug\client2.ilk
c:\users\danilo.drobnjak\onedrive - endava\desktop\chat\server\debug\client3.ilk
c:\users\danilo.drobnjak\onedrive - endava\desktop\chat\server\debug\vc142.idb
c:\users\danilo.drobnjak\onedrive - endava\desktop\chat\server\debug\client.pdb
c:\users\danilo.drobnjak\onedrive - endava\desktop\chat\server\debug\client2.pdb
c:\users\danilo.drobnjak\onedrive - endava\desktop\chat\server\debug\client3.pdb
c:\users\danilo.drobnjak\onedrive - endava\desktop\chat\server\debug\server.tlog\cl.10620.write.1.tlog
c:\users\danilo.drobnjak\onedrive - endava\desktop\chat\server\debug\server.tlog\cl.command.1.tlog
c:\users\danilo.drobnjak\onedrive - endava\desktop\chat\server\debug\server.tlog\cl.read.1.tlog
c:\users\danilo.drobnjak\onedrive - endava\desktop\chat\server\debug\server.tlog\link.command.1.tlog
c:\users\danilo.drobnjak\onedrive - endava\desktop\chat\server\debug\server.tlog\link.read.1.tlog
c:\users\danilo.drobnjak\onedrive - endava\desktop\chat\server\debug\server.tlog\link.write.1.tlog
